Arguments: 
  /usr/bin/node /usr/share/yarn/bin/yarn.js add bcryptjs @typing/bcryptjs

PATH: 
  /usr/local/sbin:/usr/local/bin:/usr/sbin:/usr/bin:/sbin:/bin

Yarn version: 
  1.22.5

Node version: 
  8.10.0

Platform: 
  linux x64

Trace: 
  Error: https://registry.yarnpkg.com/@typing%2fbcryptjs: Not found
      at Request.params.callback [as _callback] (/usr/share/yarn/lib/cli.js:66988:18)
      at Request.self.callback (/usr/share/yarn/lib/cli.js:140749:22)
      at emitTwo (events.js:126:13)
      at Request.emit (events.js:214:7)
      at Request.<anonymous> (/usr/share/yarn/lib/cli.js:141721:10)
      at emitOne (events.js:116:13)
      at Request.emit (events.js:211:7)
      at IncomingMessage.<anonymous> (/usr/share/yarn/lib/cli.js:141643:12)
      at Object.onceWrapper (events.js:313:30)
      at emitNone (events.js:111:20)

npm manifest: 
  {
    "name": "message-backend",
    "version": "1.0.0",
    "description": "",
    "main": "build/app.js",
    "scripts": {
      "start": "node build/app.js",
      "dev": "nodemon src/app.ts",
      "build": "tsc -p .",
      "test": "echo \"Error: no test specified\" && exit 1"
    },
    "author": "",
    "license": "MIT",
    "devDependencies": {
      "@types/cors": "^2.8.9",
      "@types/express": "^4.17.9",
      "@types/mongoose": "^5.10.3",
      "tslint": "^6.1.3",
      "typescript": "^4.1.3"
    },
    "dependencies": {
      "@types/multer": "^1.4.5",
      "@types/node": "^14.14.16",
      "argon2": "^0.27.1",
      "body-parser": "^1.19.0",
      "cors": "^2.8.5",
      "dotenv": "^8.2.0",
      "express": "^4.17.1",
      "jade": "^1.11.0",
      "mongoose": "^5.11.8",
      "multer": "^1.4.2",
      "nodemon": "^2.0.6",
      "ts-node": "^9.1.1",
      "typeorm": "^0.2.30"
    }
  }

yarn manifest: 
  No manifest

Lockfile: 
  No lockfile
